Game Turn, Player, Unit, From X, From Y, To X, To Y, Info, Checksum
001, LOC_CIVILIZATION_ENGLAND_NAME, UNIT_SETTLER (65536), 66, 30, -9999, -9999, 2320, ffffffff
001, LOC_CIVILIZATION_ENGLAND_NAME, UNIT_SETTLER (65536), 66, 30, -9999, -9999, 2321, ffffffff
001, LOC_CIVILIZATION_ENGLAND_NAME, UNIT_SETTLER (65536), 66, 30, -9999, -9999, 2304, ffffffff
001, LOC_CIVILIZATION_ENGLAND_NAME, UNIT_SETTLER (65536), 66, 30, -9999, -9999, 2320, ffffffff
001, LOC_CIVILIZATION_ENGLAND_NAME, UNIT_SETTLER (65536), 66, 30, -9999, -9999, 2321, ffffffff
001, LOC_CIVILIZATION_ENGLAND_NAME, UNIT_SETTLER (65536), 66, 30, -9999, -9999, 2304, ffffffff
001, LOC_CIVILIZATION_ENGLAND_NAME, UNIT_SETTLER (65536), 66, 30, -9999, -9999, 2320, ffffffff
001, LOC_CIVILIZATION_ENGLAND_NAME, UNIT_SETTLER (65536), 66, 30, -9999, -9999, 2321, ffffffff
001, LOC_CIVILIZATION_ENGLAND_NAME, UNIT_SETTLER (65536), 66, 30, -9999, -9999, 2304, ffffffff
001, LOC_CIVILIZATION_ENGLAND_NAME, UNIT_SETTLER (65536), 39, 29, -9999, -9999, 2320, ffffffff
001, LOC_CIVILIZATION_ENGLAND_NAME, UNIT_SETTLER (65536), 39, 29, -9999, -9999, 2321, ffffffff
001, LOC_CIVILIZATION_ENGLAND_NAME, UNIT_SETTLER (65536), 39, 29, -9999, -9999, 2304, ffffffff
001, LOC_CIVILIZATION_ENGLAND_NAME, UNIT_SETTLER (65536), 39, 29, -9999, -9999, 2320, ffffffff
001, LOC_CIVILIZATION_ENGLAND_NAME, UNIT_SETTLER (65536), 39, 29, -9999, -9999, 2321, ffffffff
001, LOC_CIVILIZATION_ENGLAND_NAME, UNIT_SETTLER (65536), 39, 29, -9999, -9999, 2304, ffffffff
001, LOC_CIVILIZATION_ENGLAND_NAME, UNIT_SETTLER (65536), 39, 29, -9999, -9999, 2320, ffffffff
001, LOC_CIVILIZATION_ENGLAND_NAME, UNIT_SETTLER (65536), 39, 29, -9999, -9999, 2321, ffffffff
001, LOC_CIVILIZATION_ENGLAND_NAME, UNIT_SETTLER (65536), 39, 29, -9999, -9999, 2304, ffffffff
001, LOC_CIVILIZATION_ENGLAND_NAME, UNIT_WARRIOR (131073), 39, 30, -9999, -9999, 2320, ffffffff
001, LOC_CIVILIZATION_ENGLAND_NAME, UNIT_WARRIOR (131073), 39, 30, -9999, -9999, 2321, ffffffff
001, LOC_CIVILIZATION_ENGLAND_NAME, UNIT_WARRIOR (131073), 39, 30, -9999, -9999, 2304, ffffffff
001, LOC_CIVILIZATION_ENGLAND_NAME, UNIT_WARRIOR (131073), 39, 30, -9999, -9999, 2370, ffffffff
001, LOC_CIVILIZATION_ENGLAND_NAME, UNIT_SETTLER (65536), 39, 29, -9999, -9999, 2320, ffffffff
001, LOC_CIVILIZATION_ENGLAND_NAME, UNIT_SETTLER (65536), 39, 29, -9999, -9999, 2321, ffffffff
001, LOC_CIVILIZATION_ENGLAND_NAME, UNIT_SETTLER (65536), 39, 29, -9999, -9999, 2304, ffffffff
001, LOC_CIVILIZATION_ENGLAND_NAME, UNIT_SETTLER (65536), 39, 29, 39, 28, 16640, dff372a2
001, LOC_CIVILIZATION_ENGLAND_NAME, UNIT_WARRIOR (131073), 39, 30, -9999, -9999, 2320, ffffffff
001, LOC_CIVILIZATION_ENGLAND_NAME, UNIT_WARRIOR (131073), 39, 30, -9999, -9999, 2321, ffffffff
001, LOC_CIVILIZATION_ENGLAND_NAME, UNIT_WARRIOR (131073), 39, 30, -9999, -9999, 2304, ffffffff
001, LOC_CIVILIZATION_ENGLAND_NAME, UNIT_WARRIOR (131073), 39, 30, -9999, -9999, 2370, ffffffff
001, LOC_CIVILIZATION_ENGLAND_NAME, UNIT_WARRIOR (131073), 39, 30, -9999, -9999, 2370, ffffffff
001, LOC_CIVILIZATION_ENGLAND_NAME, UNIT_WARRIOR (131073), 39, 30, 39, 31, 16656, 724a53cf
001, LOC_CIVILIZATION_ENGLAND_NAME, UNIT_WARRIOR (131073), 39, 31, -9999, -9999, 2064, ffffffff
001, LOC_CIVILIZATION_ENGLAND_NAME, UNIT_WARRIOR (131073), 39, 31, -9999, -9999, 2065, ffffffff
001, LOC_CIVILIZATION_ENGLAND_NAME, UNIT_WARRIOR (131073), 39, 31, -9999, -9999, 2048, ffffffff
001, LOC_CIVILIZATION_ENGLAND_NAME, UNIT_WARRIOR (131073), 39, 31, -9999, -9999, 2114, ffffffff
001, LOC_CIVILIZATION_ENGLAND_NAME, UNIT_WARRIOR (131073), 39, 31, -9999, -9999, 2064, ffffffff
001, LOC_CIVILIZATION_ENGLAND_NAME, UNIT_WARRIOR (131073), 39, 31, -9999, -9999, 2065, ffffffff
001, LOC_CIVILIZATION_ENGLAND_NAME, UNIT_WARRIOR (131073), 39, 31, -9999, -9999, 2048, ffffffff
001, LOC_CIVILIZATION_ENGLAND_NAME, UNIT_WARRIOR (131073), 39, 31, -9999, -9999, 2114, ffffffff
001, LOC_CIVILIZATION_ENGLAND_NAME, UNIT_WARRIOR (131073), 39, 31, 40, 31, 4, b2717022
001, LOC_CIVILIZATION_ENGLAND_NAME, UNIT_WARRIOR (131073), 39, 31, 40, 31, 16400, b2717022
001, LOC_CIVILIZATION_ENGLAND_NAME, UNIT_WARRIOR (131073), 39, 31, 40, 31, 4, b2717022
002, LOC_CIVILIZATION_ENGLAND_NAME, UNIT_SETTLER (65536), 39, 28, -9999, -9999, 2320, ffffffff
002, LOC_CIVILIZATION_ENGLAND_NAME, UNIT_SETTLER (65536), 39, 28, -9999, -9999, 2321, ffffffff
002, LOC_CIVILIZATION_ENGLAND_NAME, UNIT_SETTLER (65536), 39, 28, -9999, -9999, 2304, ffffffff
002, LOC_CIVILIZATION_ENGLAND_NAME, UNIT_WARRIOR (131073), 40, 31, -9999, -9999, 2320, ffffffff
002, LOC_CIVILIZATION_ENGLAND_NAME, UNIT_WARRIOR (131073), 40, 31, -9999, -9999, 2321, ffffffff
002, LOC_CIVILIZATION_ENGLAND_NAME, UNIT_WARRIOR (131073), 40, 31, -9999, -9999, 2304, ffffffff
002, LOC_CIVILIZATION_ENGLAND_NAME, UNIT_WARRIOR (131073), 40, 31, -9999, -9999, 2370, ffffffff
002, LOC_CIVILIZATION_ENGLAND_NAME, UNIT_WARRIOR (131073), 40, 31, -9999, -9999, 2370, ffffffff
002, LOC_CIVILIZATION_ENGLAND_NAME, UNIT_WARRIOR (131073), 40, 31, 40, 30, 16656, 214eb3d1
002, LOC_CIVILIZATION_ENGLAND_NAME, UNIT_WARRIOR (131073), 40, 31, 40, 29, 16656, f3d40d89
004, LOC_CIVILIZATION_ENGLAND_NAME, UNIT_WARRIOR (131073), 40, 29, -9999, -9999, 2320, ffffffff
004, LOC_CIVILIZATION_ENGLAND_NAME, UNIT_WARRIOR (131073), 40, 29, -9999, -9999, 2321, ffffffff
004, LOC_CIVILIZATION_ENGLAND_NAME, UNIT_WARRIOR (131073), 40, 29, -9999, -9999, 2304, ffffffff
004, LOC_CIVILIZATION_ENGLAND_NAME, UNIT_WARRIOR (131073), 40, 29, -9999, -9999, 2370, ffffffff
004, LOC_CIVILIZATION_ENGLAND_NAME, UNIT_WARRIOR (131073), 40, 29, 42, 27, 256, 170d6642
004, LOC_CIVILIZATION_ENGLAND_NAME, UNIT_WARRIOR (131073), 40, 29, -9999, -9999, 2370, ffffffff
004, LOC_CIVILIZATION_ENGLAND_NAME, UNIT_WARRIOR (131073), 40, 29, 42, 27, 256, 170d6642
004, LOC_CIVILIZATION_ENGLAND_NAME, UNIT_WARRIOR (131073), 40, 29, 40, 28, 16656, 5eb07058
005, LOC_CIVILIZATION_ENGLAND_NAME, UNIT_WARRIOR (131073), 40, 28, -9999, -9999, 2320, ffffffff
005, LOC_CIVILIZATION_ENGLAND_NAME, UNIT_WARRIOR (131073), 40, 28, -9999, -9999, 2321, ffffffff
005, LOC_CIVILIZATION_ENGLAND_NAME, UNIT_WARRIOR (131073), 40, 28, -9999, -9999, 2304, ffffffff
005, LOC_CIVILIZATION_ENGLAND_NAME, UNIT_WARRIOR (131073), 40, 28, -9999, -9999, 2320, ffffffff
005, LOC_CIVILIZATION_ENGLAND_NAME, UNIT_WARRIOR (131073), 40, 28, -9999, -9999, 2321, ffffffff
005, LOC_CIVILIZATION_ENGLAND_NAME, UNIT_WARRIOR (131073), 40, 28, -9999, -9999, 2304, ffffffff
005, LOC_CIVILIZATION_ENGLAND_NAME, UNIT_WARRIOR (131073), 40, 28, -9999, -9999, 2320, ffffffff
005, LOC_CIVILIZATION_ENGLAND_NAME, UNIT_WARRIOR (131073), 40, 28, -9999, -9999, 2321, ffffffff
005, LOC_CIVILIZATION_ENGLAND_NAME, UNIT_WARRIOR (131073), 40, 28, -9999, -9999, 2304, ffffffff
005, LOC_CIVILIZATION_ENGLAND_NAME, UNIT_WARRIOR (131073), 40, 28, -9999, -9999, 2370, ffffffff
005, LOC_CIVILIZATION_ENGLAND_NAME, UNIT_WARRIOR (131073), 40, 28, -9999, -9999, 2320, ffffffff
005, LOC_CIVILIZATION_ENGLAND_NAME, UNIT_WARRIOR (131073), 40, 28, -9999, -9999, 2321, ffffffff
005, LOC_CIVILIZATION_ENGLAND_NAME, UNIT_WARRIOR (131073), 40, 28, -9999, -9999, 2304, ffffffff
005, LOC_CIVILIZATION_ENGLAND_NAME, UNIT_WARRIOR (131073), 40, 28, -9999, -9999, 2370, ffffffff
005, LOC_CIVILIZATION_ENGLAND_NAME, UNIT_WARRIOR (131073), 40, 28, -9999, -9999, 2370, ffffffff
005, LOC_CIVILIZATION_ENGLAND_NAME, UNIT_WARRIOR (131073), 40, 28, 40, 27, 16656, 5aae71a1
005, LOC_CIVILIZATION_ENGLAND_NAME, UNIT_SCOUT (196608), 39, 28, -9999, -9999, 2320, ffffffff
005, LOC_CIVILIZATION_ENGLAND_NAME, UNIT_SCOUT (196608), 39, 28, -9999, -9999, 2321, ffffffff
005, LOC_CIVILIZATION_ENGLAND_NAME, UNIT_SCOUT (196608), 39, 28, -9999, -9999, 2304, ffffffff
005, LOC_CIVILIZATION_ENGLAND_NAME, UNIT_SCOUT (196608), 39, 28, -9999, -9999, 2370, ffffffff
005, LOC_CIVILIZATION_ENGLAND_NAME, UNIT_SCOUT (196608), 39, 28, -9999, -9999, 2370, ffffffff
005, LOC_CIVILIZATION_ENGLAND_NAME, UNIT_SCOUT (196608), 39, 28, 38, 27, 16656, 174773c5
006, LOC_CIVILIZATION_ENGLAND_NAME, UNIT_SCOUT (196608), 38, 27, -9999, -9999, 2320, ffffffff
006, LOC_CIVILIZATION_ENGLAND_NAME, UNIT_SCOUT (196608), 38, 27, -9999, -9999, 2321, ffffffff
006, LOC_CIVILIZATION_ENGLAND_NAME, UNIT_SCOUT (196608), 38, 27, -9999, -9999, 2304, ffffffff
006, LOC_CIVILIZATION_ENGLAND_NAME, UNIT_SCOUT (196608), 38, 27, -9999, -9999, 2370, ffffffff
006, LOC_CIVILIZATION_ENGLAND_NAME, UNIT_SCOUT (196608), 38, 27, -9999, -9999, 2370, ffffffff
006, LOC_CIVILIZATION_ENGLAND_NAME, UNIT_SCOUT (196608), 38, 27, 38, 26, 16656, 2be651c2
006, LOC_CIVILIZATION_ENGLAND_NAME, UNIT_SCOUT (196608), 38, 26, -9999, -9999, 2064, ffffffff
006, LOC_CIVILIZATION_ENGLAND_NAME, UNIT_SCOUT (196608), 38, 26, -9999, -9999, 2065, ffffffff
006, LOC_CIVILIZATION_ENGLAND_NAME, UNIT_SCOUT (196608), 38, 26, -9999, -9999, 2048, ffffffff
006, LOC_CIVILIZATION_ENGLAND_NAME, UNIT_SCOUT (196608), 38, 26, -9999, -9999, 2114, ffffffff
006, LOC_CIVILIZATION_ENGLAND_NAME, UNIT_SCOUT (196608), 38, 26, 36, 23, 0, c7e54d50
006, LOC_CIVILIZATION_ENGLAND_NAME, UNIT_SCOUT (196608), 38, 26, -9999, -9999, 2064, ffffffff
006, LOC_CIVILIZATION_ENGLAND_NAME, UNIT_SCOUT (196608), 38, 26, -9999, -9999, 2065, ffffffff
006, LOC_CIVILIZATION_ENGLAND_NAME, UNIT_SCOUT (196608), 38, 26, -9999, -9999, 2048, ffffffff
006, LOC_CIVILIZATION_ENGLAND_NAME, UNIT_SCOUT (196608), 38, 26, -9999, -9999, 2114, ffffffff
006, LOC_CIVILIZATION_ENGLAND_NAME, UNIT_SCOUT (196608), 38, 26, 36, 23, 0, c7e54d50
006, LOC_CIVILIZATION_ENGLAND_NAME, UNIT_WARRIOR (131073), 40, 27, -9999, -9999, 2320, ffffffff
006, LOC_CIVILIZATION_ENGLAND_NAME, UNIT_WARRIOR (131073), 40, 27, -9999, -9999, 2321, ffffffff
006, LOC_CIVILIZATION_ENGLAND_NAME, UNIT_WARRIOR (131073), 40, 27, -9999, -9999, 2304, ffffffff
006, LOC_CIVILIZATION_ENGLAND_NAME, UNIT_WARRIOR (131073), 40, 27, -9999, -9999, 2370, ffffffff
006, LOC_CIVILIZATION_ENGLAND_NAME, UNIT_WARRIOR (131073), 40, 27, 41, 27, 16656, d945e7f8
006, LOC_CIVILIZATION_ENGLAND_NAME, UNIT_WARRIOR (131073), 40, 27, 41, 26, 16656, 1219345d
006, LOC_CIVILIZATION_ENGLAND_NAME, UNIT_WARRIOR (131073), 40, 27, 41, 27, 16656, d945e7f8
006, LOC_CIVILIZATION_ENGLAND_NAME, UNIT_WARRIOR (131073), 41, 27, -9999, -9999, 2064, ffffffff
006, LOC_CIVILIZATION_ENGLAND_NAME, UNIT_WARRIOR (131073), 41, 27, -9999, -9999, 2065, ffffffff
006, LOC_CIVILIZATION_ENGLAND_NAME, UNIT_WARRIOR (131073), 41, 27, -9999, -9999, 2048, ffffffff
006, LOC_CIVILIZATION_ENGLAND_NAME, UNIT_WARRIOR (131073), 41, 27, -9999, -9999, 2114, ffffffff
006, LOC_CIVILIZATION_ENGLAND_NAME, UNIT_WARRIOR (131073), 41, 27, 41, 25, 0, ea710175
006, LOC_CIVILIZATION_ENGLAND_NAME, UNIT_WARRIOR (131073), 41, 27, -9999, -9999, 2064, ffffffff
006, LOC_CIVILIZATION_ENGLAND_NAME, UNIT_WARRIOR (131073), 41, 27, -9999, -9999, 2065, ffffffff
006, LOC_CIVILIZATION_ENGLAND_NAME, UNIT_WARRIOR (131073), 41, 27, -9999, -9999, 2048, ffffffff
006, LOC_CIVILIZATION_ENGLAND_NAME, UNIT_WARRIOR (131073), 41, 27, -9999, -9999, 2114, ffffffff
006, LOC_CIVILIZATION_ENGLAND_NAME, UNIT_WARRIOR (131073), 41, 27, 41, 25, 0, ea710175
007, LOC_CIVILIZATION_ENGLAND_NAME, UNIT_WARRIOR (131073), 41, 27, -9999, -9999, 2114, ffffffff
007, LOC_CIVILIZATION_ENGLAND_NAME, UNIT_WARRIOR (131073), 41, 27, 41, 25, 0, ea710175
007, LOC_CIVILIZATION_ENGLAND_NAME, UNIT_WARRIOR (131073), 41, 27, -9999, -9999, 2320, ffffffff
007, LOC_CIVILIZATION_ENGLAND_NAME, UNIT_WARRIOR (131073), 41, 27, -9999, -9999, 2321, ffffffff
007, LOC_CIVILIZATION_ENGLAND_NAME, UNIT_WARRIOR (131073), 41, 27, -9999, -9999, 2304, ffffffff
007, LOC_CIVILIZATION_ENGLAND_NAME, UNIT_WARRIOR (131073), 41, 27, -9999, -9999, 2320, ffffffff
007, LOC_CIVILIZATION_ENGLAND_NAME, UNIT_WARRIOR (131073), 41, 27, -9999, -9999, 2321, ffffffff
007, LOC_CIVILIZATION_ENGLAND_NAME, UNIT_WARRIOR (131073), 41, 27, -9999, -9999, 2304, ffffffff
007, LOC_CIVILIZATION_ENGLAND_NAME, UNIT_WARRIOR (131073), 41, 27, -9999, -9999, 2320, ffffffff
007, LOC_CIVILIZATION_ENGLAND_NAME, UNIT_WARRIOR (131073), 41, 27, -9999, -9999, 2321, ffffffff
007, LOC_CIVILIZATION_ENGLAND_NAME, UNIT_WARRIOR (131073), 41, 27, -9999, -9999, 2304, ffffffff
007, LOC_CIVILIZATION_ENGLAND_NAME, UNIT_WARRIOR (131073), 41, 27, -9999, -9999, 2320, ffffffff
007, LOC_CIVILIZATION_ENGLAND_NAME, UNIT_WARRIOR (131073), 41, 27, -9999, -9999, 2321, ffffffff
007, LOC_CIVILIZATION_ENGLAND_NAME, UNIT_WARRIOR (131073), 41, 27, -9999, -9999, 2304, ffffffff
007, LOC_CIVILIZATION_ENGLAND_NAME, UNIT_WARRIOR (131073), 41, 27, -9999, -9999, 2370, ffffffff
007, LOC_CIVILIZATION_ENGLAND_NAME, UNIT_WARRIOR (131073), 41, 27, -9999, -9999, 2320, ffffffff
007, LOC_CIVILIZATION_ENGLAND_NAME, UNIT_WARRIOR (131073), 41, 27, -9999, -9999, 2321, ffffffff
007, LOC_CIVILIZATION_ENGLAND_NAME, UNIT_WARRIOR (131073), 41, 27, -9999, -9999, 2304, ffffffff
007, LOC_CIVILIZATION_ENGLAND_NAME, UNIT_WARRIOR (131073), 41, 27, -9999, -9999, 2370, ffffffff
007, LOC_CIVILIZATION_ENGLAND_NAME, UNIT_WARRIOR (131073), 41, 27, -9999, -9999, 2370, ffffffff
007, LOC_CIVILIZATION_ENGLAND_NAME, UNIT_WARRIOR (131073), 41, 27, 42, 27, 16656, ef76877e
007, LOC_CIVILIZATION_ENGLAND_NAME, UNIT_SCOUT (196608), 38, 26, -9999, -9999, 2320, ffffffff
007, LOC_CIVILIZATION_ENGLAND_NAME, UNIT_SCOUT (196608), 38, 26, -9999, -9999, 2321, ffffffff
007, LOC_CIVILIZATION_ENGLAND_NAME, UNIT_SCOUT (196608), 38, 26, -9999, -9999, 2304, ffffffff
007, LOC_CIVILIZATION_ENGLAND_NAME, UNIT_SCOUT (196608), 38, 26, -9999, -9999, 2370, ffffffff
007, LOC_CIVILIZATION_ENGLAND_NAME, UNIT_SCOUT (196608), 38, 26, -9999, -9999, 2370, ffffffff
007, LOC_CIVILIZATION_ENGLAND_NAME, UNIT_SCOUT (196608), 38, 26, 37, 25, 16656, 3ae615ce
007, LOC_CIVILIZATION_ENGLAND_NAME, UNIT_SCOUT (196608), 37, 25, -9999, -9999, 2064, ffffffff
007, LOC_CIVILIZATION_ENGLAND_NAME, UNIT_SCOUT (196608), 37, 25, -9999, -9999, 2065, ffffffff
007, LOC_CIVILIZATION_ENGLAND_NAME, UNIT_SCOUT (196608), 37, 25, -9999, -9999, 2048, ffffffff
007, LOC_CIVILIZATION_ENGLAND_NAME, UNIT_SCOUT (196608), 37, 25, -9999, -9999, 2114, ffffffff
007, LOC_CIVILIZATION_ENGLAND_NAME, UNIT_SCOUT (196608), 37, 25, -9999, -9999, 2064, ffffffff
007, LOC_CIVILIZATION_ENGLAND_NAME, UNIT_SCOUT (196608), 37, 25, -9999, -9999, 2065, ffffffff
007, LOC_CIVILIZATION_ENGLAND_NAME, UNIT_SCOUT (196608), 37, 25, -9999, -9999, 2048, ffffffff
007, LOC_CIVILIZATION_ENGLAND_NAME, UNIT_SCOUT (196608), 37, 25, -9999, -9999, 2114, ffffffff
007, LOC_CIVILIZATION_ENGLAND_NAME, UNIT_SCOUT (196608), 37, 25, 36, 25, 4, cfd4e97d
007, LOC_CIVILIZATION_ENGLAND_NAME, UNIT_SCOUT (196608), 37, 25, 36, 25, 16400, cfd4e97d
007, LOC_CIVILIZATION_ENGLAND_NAME, UNIT_SCOUT (196608), 37, 25, 36, 25, 4, cfd4e97d
007, LOC_CIVILIZATION_ENGLAND_NAME, UNIT_SCOUT (262146), 39, 28, -9999, -9999, 2320, ffffffff
007, LOC_CIVILIZATION_ENGLAND_NAME, UNIT_SCOUT (262146), 39, 28, -9999, -9999, 2321, ffffffff
007, LOC_CIVILIZATION_ENGLAND_NAME, UNIT_SCOUT (262146), 39, 28, -9999, -9999, 2304, ffffffff
007, LOC_CIVILIZATION_ENGLAND_NAME, UNIT_SCOUT (262146), 39, 28, -9999, -9999, 2370, ffffffff
007, LOC_CIVILIZATION_ENGLAND_NAME, UNIT_SCOUT (262146), 39, 28, 40, 24, 256, 8db6d82b
007, LOC_CIVILIZATION_ENGLAND_NAME, UNIT_SCOUT (262146), 39, 28, -9999, -9999, 2370, ffffffff
007, LOC_CIVILIZATION_ENGLAND_NAME, UNIT_SCOUT (262146), 39, 28, 40, 24, 256, 8db6d82b
007, LOC_CIVILIZATION_ENGLAND_NAME, UNIT_SCOUT (262146), 39, 28, 39, 27, 16656, dbed735b
007, LOC_CIVILIZATION_ENGLAND_NAME, UNIT_SCOUT (262146), 39, 27, -9999, -9999, 2064, ffffffff
007, LOC_CIVILIZATION_ENGLAND_NAME, UNIT_SCOUT (262146), 39, 27, -9999, -9999, 2065, ffffffff
007, LOC_CIVILIZATION_ENGLAND_NAME, UNIT_SCOUT (262146), 39, 27, -9999, -9999, 2048, ffffffff
007, LOC_CIVILIZATION_ENGLAND_NAME, UNIT_SCOUT (262146), 39, 27, -9999, -9999, 2114, ffffffff
007, LOC_CIVILIZATION_ENGLAND_NAME, UNIT_SCOUT (262146), 39, 27, 40, 24, 0, fb0871e5
007, LOC_CIVILIZATION_ENGLAND_NAME, UNIT_SCOUT (262146), 39, 27, -9999, -9999, 2064, ffffffff
007, LOC_CIVILIZATION_ENGLAND_NAME, UNIT_SCOUT (262146), 39, 27, -9999, -9999, 2065, ffffffff
007, LOC_CIVILIZATION_ENGLAND_NAME, UNIT_SCOUT (262146), 39, 27, -9999, -9999, 2048, ffffffff
007, LOC_CIVILIZATION_ENGLAND_NAME, UNIT_SCOUT (262146), 39, 27, -9999, -9999, 2114, ffffffff
007, LOC_CIVILIZATION_ENGLAND_NAME, UNIT_SCOUT (262146), 39, 27, 40, 24, 0, fb0871e5
008, LOC_CIVILIZATION_ENGLAND_NAME, UNIT_WARRIOR (131073), 42, 27, -9999, -9999, 2320, ffffffff
008, LOC_CIVILIZATION_ENGLAND_NAME, UNIT_WARRIOR (131073), 42, 27, -9999, -9999, 2321, ffffffff
008, LOC_CIVILIZATION_ENGLAND_NAME, UNIT_WARRIOR (131073), 42, 27, -9999, -9999, 2304, ffffffff
008, LOC_CIVILIZATION_ENGLAND_NAME, UNIT_WARRIOR (131073), 42, 27, -9999, -9999, 2370, ffffffff
008, LOC_CIVILIZATION_ENGLAND_NAME, UNIT_WARRIOR (131073), 42, 27, -9999, -9999, 2370, ffffffff
008, LOC_CIVILIZATION_ENGLAND_NAME, UNIT_WARRIOR (131073), 42, 27, 43, 26, 16656, fa35fbab
008, LOC_CIVILIZATION_ENGLAND_NAME, UNIT_SCOUT (262146), 39, 27, -9999, -9999, 2320, ffffffff
008, LOC_CIVILIZATION_ENGLAND_NAME, UNIT_SCOUT (262146), 39, 27, -9999, -9999, 2321, ffffffff
008, LOC_CIVILIZATION_ENGLAND_NAME, UNIT_SCOUT (262146), 39, 27, -9999, -9999, 2304, ffffffff
008, LOC_CIVILIZATION_ENGLAND_NAME, UNIT_SCOUT (262146), 39, 27, -9999, -9999, 2370, ffffffff
008, LOC_CIVILIZATION_ENGLAND_NAME, UNIT_SCOUT (262146), 39, 27, -9999, -9999, 2370, ffffffff
008, LOC_CIVILIZATION_ENGLAND_NAME, UNIT_SCOUT (196608), 36, 25, -9999, -9999, 2320, ffffffff
008, LOC_CIVILIZATION_ENGLAND_NAME, UNIT_SCOUT (196608), 36, 25, -9999, -9999, 2321, ffffffff
008, LOC_CIVILIZATION_ENGLAND_NAME, UNIT_SCOUT (196608), 36, 25, -9999, -9999, 2304, ffffffff
008, LOC_CIVILIZATION_ENGLAND_NAME, UNIT_SCOUT (196608), 36, 25, -9999, -9999, 2370, ffffffff
008, LOC_CIVILIZATION_ENGLAND_NAME, UNIT_SCOUT (196608), 36, 25, 35, 25, 16656, 7dad8701
008, LOC_CIVILIZATION_ENGLAND_NAME, UNIT_SCOUT (196608), 35, 25, -9999, -9999, 2064, ffffffff
008, LOC_CIVILIZATION_ENGLAND_NAME, UNIT_SCOUT (196608), 35, 25, -9999, -9999, 2065, ffffffff
008, LOC_CIVILIZATION_ENGLAND_NAME, UNIT_SCOUT (196608), 35, 25, -9999, -9999, 2048, ffffffff
008, LOC_CIVILIZATION_ENGLAND_NAME, UNIT_SCOUT (196608), 35, 25, -9999, -9999, 2114, ffffffff
008, LOC_CIVILIZATION_ENGLAND_NAME, UNIT_SCOUT (196608), 35, 25, -9999, -9999, 2064, ffffffff
008, LOC_CIVILIZATION_ENGLAND_NAME, UNIT_SCOUT (196608), 35, 25, -9999, -9999, 2065, ffffffff
008, LOC_CIVILIZATION_ENGLAND_NAME, UNIT_SCOUT (196608), 35, 25, -9999, -9999, 2048, ffffffff
008, LOC_CIVILIZATION_ENGLAND_NAME, UNIT_SCOUT (196608), 35, 25, -9999, -9999, 2114, ffffffff
008, LOC_CIVILIZATION_ENGLAND_NAME, UNIT_SCOUT (196608), 35, 25, 35, 24, 4, 2b266c1d
008, LOC_CIVILIZATION_ENGLAND_NAME, UNIT_SCOUT (196608), 35, 25, 35, 24, 16400, 2b266c1d
008, LOC_CIVILIZATION_ENGLAND_NAME, UNIT_SCOUT (196608), 35, 25, 35, 24, 4, 2b266c1d
008, LOC_CIVILIZATION_ENGLAND_NAME, UNIT_SCOUT (262146), 39, 27, -9999, -9999, 2320, ffffffff
008, LOC_CIVILIZATION_ENGLAND_NAME, UNIT_SCOUT (262146), 39, 27, -9999, -9999, 2321, ffffffff
008, LOC_CIVILIZATION_ENGLAND_NAME, UNIT_SCOUT (262146), 39, 27, -9999, -9999, 2304, ffffffff
008, LOC_CIVILIZATION_ENGLAND_NAME, UNIT_SCOUT (262146), 39, 27, -9999, -9999, 2370, ffffffff
008, LOC_CIVILIZATION_ENGLAND_NAME, UNIT_SCOUT (262146), 39, 27, -9999, -9999, 2370, ffffffff
008, LOC_CIVILIZATION_ENGLAND_NAME, UNIT_SCOUT (262146), 39, 27, 40, 26, 16656, 86d02495
008, LOC_CIVILIZATION_ENGLAND_NAME, UNIT_SCOUT (262146), 40, 26, -9999, -9999, 2064, ffffffff
008, LOC_CIVILIZATION_ENGLAND_NAME, UNIT_SCOUT (262146), 40, 26, -9999, -9999, 2065, ffffffff
008, LOC_CIVILIZATION_ENGLAND_NAME, UNIT_SCOUT (262146), 40, 26, -9999, -9999, 2048, ffffffff
008, LOC_CIVILIZATION_ENGLAND_NAME, UNIT_SCOUT (262146), 40, 26, -9999, -9999, 2114, ffffffff
008, LOC_CIVILIZATION_ENGLAND_NAME, UNIT_SCOUT (262146), 40, 26, 38, 23, 0,  e8486e2
008, LOC_CIVILIZATION_ENGLAND_NAME, UNIT_SCOUT (262146), 40, 26, -9999, -9999, 2064, ffffffff
008, LOC_CIVILIZATION_ENGLAND_NAME, UNIT_SCOUT (262146), 40, 26, -9999, -9999, 2065, ffffffff
008, LOC_CIVILIZATION_ENGLAND_NAME, UNIT_SCOUT (262146), 40, 26, -9999, -9999, 2048, ffffffff
008, LOC_CIVILIZATION_ENGLAND_NAME, UNIT_SCOUT (262146), 40, 26, -9999, -9999, 2114, ffffffff
008, LOC_CIVILIZATION_ENGLAND_NAME, UNIT_SCOUT (262146), 40, 26, 38, 23, 0,  e8486e2
008, LOC_CIVILIZATION_ENGLAND_NAME, UNIT_SCOUT (262146), 40, 26, 40, 25, 4, 413c772c
008, LOC_CIVILIZATION_ENGLAND_NAME, UNIT_SCOUT (262146), 40, 26, 40, 25, 16400, 413c772c
008, LOC_CIVILIZATION_ENGLAND_NAME, UNIT_SCOUT (262146), 40, 26, 40, 25, 4, 413c772c
009, LOC_CIVILIZATION_ENGLAND_NAME, UNIT_WARRIOR (131073), 43, 26, -9999, -9999, 2320, ffffffff
009, LOC_CIVILIZATION_ENGLAND_NAME, UNIT_WARRIOR (131073), 43, 26, -9999, -9999, 2321, ffffffff
009, LOC_CIVILIZATION_ENGLAND_NAME, UNIT_WARRIOR (131073), 43, 26, -9999, -9999, 2304, ffffffff
009, LOC_CIVILIZATION_ENGLAND_NAME, UNIT_WARRIOR (131073), 43, 26, -9999, -9999, 2320, ffffffff
009, LOC_CIVILIZATION_ENGLAND_NAME, UNIT_WARRIOR (131073), 43, 26, -9999, -9999, 2321, ffffffff
009, LOC_CIVILIZATION_ENGLAND_NAME, UNIT_WARRIOR (131073), 43, 26, -9999, -9999, 2304, ffffffff
009, LOC_CIVILIZATION_ENGLAND_NAME, UNIT_WARRIOR (131073), 43, 26, -9999, -9999, 2320, ffffffff
009, LOC_CIVILIZATION_ENGLAND_NAME, UNIT_WARRIOR (131073), 43, 26, -9999, -9999, 2321, ffffffff
009, LOC_CIVILIZATION_ENGLAND_NAME, UNIT_WARRIOR (131073), 43, 26, -9999, -9999, 2304, ffffffff
009, LOC_CIVILIZATION_ENGLAND_NAME, UNIT_WARRIOR (131073), 43, 26, -9999, -9999, 2370, ffffffff
009, LOC_CIVILIZATION_ENGLAND_NAME, UNIT_WARRIOR (131073), 43, 26, -9999, -9999, 2320, ffffffff
009, LOC_CIVILIZATION_ENGLAND_NAME, UNIT_WARRIOR (131073), 43, 26, -9999, -9999, 2321, ffffffff
009, LOC_CIVILIZATION_ENGLAND_NAME, UNIT_WARRIOR (131073), 43, 26, -9999, -9999, 2304, ffffffff
009, LOC_CIVILIZATION_ENGLAND_NAME, UNIT_WARRIOR (131073), 43, 26, -9999, -9999, 2370, ffffffff
009, LOC_CIVILIZATION_ENGLAND_NAME, UNIT_WARRIOR (131073), 43, 26, -9999, -9999, 2370, ffffffff
009, LOC_CIVILIZATION_ENGLAND_NAME, UNIT_WARRIOR (131073), 43, 26, 44, 26, 16656, 5157a496
009, LOC_CIVILIZATION_ENGLAND_NAME, UNIT_WARRIOR (131073), 44, 26, -9999, -9999, 2114, ffffffff
009, LOC_CIVILIZATION_ENGLAND_NAME, UNIT_WARRIOR (131073), 44, 26, 43, 24, 0, 7e6eea2b
009, LOC_CIVILIZATION_ENGLAND_NAME, UNIT_WARRIOR (131073), 44, 26, -9999, -9999, 2064, ffffffff
009, LOC_CIVILIZATION_ENGLAND_NAME, UNIT_WARRIOR (131073), 44, 26, -9999, -9999, 2065, ffffffff
009, LOC_CIVILIZATION_ENGLAND_NAME, UNIT_WARRIOR (131073), 44, 26, -9999, -9999, 2048, ffffffff
009, LOC_CIVILIZATION_ENGLAND_NAME, UNIT_SCOUT (262146), 40, 25, -9999, -9999, 2320, ffffffff
009, LOC_CIVILIZATION_ENGLAND_NAME, UNIT_SCOUT (262146), 40, 25, -9999, -9999, 2321, ffffffff
009, LOC_CIVILIZATION_ENGLAND_NAME, UNIT_SCOUT (262146), 40, 25, -9999, -9999, 2304, ffffffff
009, LOC_CIVILIZATION_ENGLAND_NAME, UNIT_SCOUT (262146), 40, 25, -9999, -9999, 2370, ffffffff
009, LOC_CIVILIZATION_ENGLAND_NAME, UNIT_SCOUT (262146), 40, 25, -9999, -9999, 2370, ffffffff
009, LOC_CIVILIZATION_ENGLAND_NAME, UNIT_SCOUT (262146), 40, 25, 41, 24, 16656, 6de7f7d4
009, LOC_CIVILIZATION_ENGLAND_NAME, UNIT_SCOUT (196608), 35, 24, -9999, -9999, 2320, ffffffff
009, LOC_CIVILIZATION_ENGLAND_NAME, UNIT_SCOUT (196608), 35, 24, -9999, -9999, 2321, ffffffff
009, LOC_CIVILIZATION_ENGLAND_NAME, UNIT_SCOUT (196608), 35, 24, -9999, -9999, 2304, ffffffff
009, LOC_CIVILIZATION_ENGLAND_NAME, UNIT_SCOUT (196608), 35, 24, -9999, -9999, 2370, ffffffff
009, LOC_CIVILIZATION_ENGLAND_NAME, UNIT_SCOUT (196608), 35, 24, -9999, -9999, 2370, ffffffff
009, LOC_CIVILIZATION_ENGLAND_NAME, UNIT_SCOUT (196608), 35, 24, 34, 23, 16656,  fc1ef17
009, LOC_CIVILIZATION_ENGLAND_NAME, UNIT_SCOUT (196608), 34, 23, -9999, -9999, 2064, ffffffff
009, LOC_CIVILIZATION_ENGLAND_NAME, UNIT_SCOUT (196608), 34, 23, -9999, -9999, 2065, ffffffff
009, LOC_CIVILIZATION_ENGLAND_NAME, UNIT_SCOUT (196608), 34, 23, -9999, -9999, 2048, ffffffff
009, LOC_CIVILIZATION_ENGLAND_NAME, UNIT_SCOUT (196608), 34, 23, -9999, -9999, 2114, ffffffff
009, LOC_CIVILIZATION_ENGLAND_NAME, UNIT_SCOUT (196608), 34, 23, -9999, -9999, 2064, ffffffff
009, LOC_CIVILIZATION_ENGLAND_NAME, UNIT_SCOUT (196608), 34, 23, -9999, -9999, 2065, ffffffff
009, LOC_CIVILIZATION_ENGLAND_NAME, UNIT_SCOUT (196608), 34, 23, -9999, -9999, 2048, ffffffff
009, LOC_CIVILIZATION_ENGLAND_NAME, UNIT_SCOUT (196608), 34, 23, -9999, -9999, 2114, ffffffff
009, LOC_CIVILIZATION_ENGLAND_NAME, UNIT_SCOUT (196608), 34, 23, 33, 23, 4, be6a935e
009, LOC_CIVILIZATION_ENGLAND_NAME, UNIT_SCOUT (196608), 34, 23, 33, 23, 16400, be6a935e
009, LOC_CIVILIZATION_ENGLAND_NAME, UNIT_SCOUT (196608), 34, 23, 33, 23, 4, be6a935e
010, LOC_CIVILIZATION_ENGLAND_NAME, UNIT_WARRIOR (131073), 44, 26, -9999, -9999, 2320, ffffffff
010, LOC_CIVILIZATION_ENGLAND_NAME, UNIT_WARRIOR (131073), 44, 26, -9999, -9999, 2321, ffffffff
010, LOC_CIVILIZATION_ENGLAND_NAME, UNIT_WARRIOR (131073), 44, 26, -9999, -9999, 2304, ffffffff
010, LOC_CIVILIZATION_ENGLAND_NAME, UNIT_WARRIOR (131073), 44, 26, -9999, -9999, 2320, ffffffff
010, LOC_CIVILIZATION_ENGLAND_NAME, UNIT_WARRIOR (131073), 44, 26, -9999, -9999, 2321, ffffffff
010, LOC_CIVILIZATION_ENGLAND_NAME, UNIT_WARRIOR (131073), 44, 26, -9999, -9999, 2304, ffffffff
010, LOC_CIVILIZATION_ENGLAND_NAME, UNIT_WARRIOR (131073), 44, 26, -9999, -9999, 2320, ffffffff
010, LOC_CIVILIZATION_ENGLAND_NAME, UNIT_WARRIOR (131073), 44, 26, -9999, -9999, 2321, ffffffff
010, LOC_CIVILIZATION_ENGLAND_NAME, UNIT_WARRIOR (131073), 44, 26, -9999, -9999, 2304, ffffffff
010, LOC_CIVILIZATION_ENGLAND_NAME, UNIT_WARRIOR (131073), 44, 26, -9999, -9999, 2370, ffffffff
010, LOC_CIVILIZATION_ENGLAND_NAME, UNIT_WARRIOR (131073), 44, 26, -9999, -9999, 2320, ffffffff
010, LOC_CIVILIZATION_ENGLAND_NAME, UNIT_WARRIOR (131073), 44, 26, -9999, -9999, 2321, ffffffff
010, LOC_CIVILIZATION_ENGLAND_NAME, UNIT_WARRIOR (131073), 44, 26, -9999, -9999, 2304, ffffffff
010, LOC_CIVILIZATION_ENGLAND_NAME, UNIT_WARRIOR (131073), 44, 26, -9999, -9999, 2370, ffffffff
010, LOC_CIVILIZATION_ENGLAND_NAME, UNIT_WARRIOR (131073), 44, 26, -9999, -9999, 2370, ffffffff
010, LOC_CIVILIZATION_ENGLAND_NAME, UNIT_WARRIOR (131073), 44, 26, 43, 26, 16656, c6459536
010, LOC_CIVILIZATION_ENGLAND_NAME, UNIT_SCOUT (262146), 41, 24, -9999, -9999, 2320, ffffffff
010, LOC_CIVILIZATION_ENGLAND_NAME, UNIT_SCOUT (262146), 41, 24, -9999, -9999, 2321, ffffffff
010, LOC_CIVILIZATION_ENGLAND_NAME, UNIT_SCOUT (262146), 41, 24, -9999, -9999, 2304, ffffffff
010, LOC_CIVILIZATION_ENGLAND_NAME, UNIT_SCOUT (262146), 41, 24, -9999, -9999, 2370, ffffffff
010, LOC_CIVILIZATION_ENGLAND_NAME, UNIT_SCOUT (262146), 41, 24, -9999, -9999, 2370, ffffffff
010, LOC_CIVILIZATION_ENGLAND_NAME, UNIT_SCOUT (196608), 33, 23, -9999, -9999, 2320, ffffffff
010, LOC_CIVILIZATION_ENGLAND_NAME, UNIT_SCOUT (196608), 33, 23, -9999, -9999, 2321, ffffffff
010, LOC_CIVILIZATION_ENGLAND_NAME, UNIT_SCOUT (196608), 33, 23, -9999, -9999, 2304, ffffffff
010, LOC_CIVILIZATION_ENGLAND_NAME, UNIT_SCOUT (196608), 33, 23, -9999, -9999, 2370, ffffffff
010, LOC_CIVILIZATION_ENGLAND_NAME, UNIT_SCOUT (196608), 33, 23, -9999, -9999, 2370, ffffffff
010, LOC_CIVILIZATION_ENGLAND_NAME, UNIT_SCOUT (196608), 33, 23, 32, 23, 16656, 60753c2e
010, LOC_CIVILIZATION_ENGLAND_NAME, UNIT_SCOUT (196608), 32, 23, -9999, -9999, 2114, ffffffff
010, LOC_CIVILIZATION_ENGLAND_NAME, UNIT_SCOUT (196608), 32, 23, -9999, -9999, 2064, ffffffff
010, LOC_CIVILIZATION_ENGLAND_NAME, UNIT_SCOUT (196608), 32, 23, -9999, -9999, 2065, ffffffff
010, LOC_CIVILIZATION_ENGLAND_NAME, UNIT_SCOUT (196608), 32, 23, -9999, -9999, 2048, ffffffff
010, LOC_CIVILIZATION_ENGLAND_NAME, UNIT_SCOUT (196608), 32, 23, -9999, -9999, 2064, ffffffff
010, LOC_CIVILIZATION_ENGLAND_NAME, UNIT_SCOUT (196608), 32, 23, -9999, -9999, 2065, ffffffff
010, LOC_CIVILIZATION_ENGLAND_NAME, UNIT_SCOUT (196608), 32, 23, -9999, -9999, 2048, ffffffff
010, LOC_CIVILIZATION_ENGLAND_NAME, UNIT_SCOUT (196608), 32, 23, -9999, -9999, 2114, ffffffff
010, LOC_CIVILIZATION_ENGLAND_NAME, UNIT_SCOUT (196608), 32, 23, 32, 24, 4, 299fe99e
010, LOC_CIVILIZATION_ENGLAND_NAME, UNIT_SCOUT (196608), 32, 23, 32, 24, 16400, 299fe99e
010, LOC_CIVILIZATION_ENGLAND_NAME, UNIT_SCOUT (196608), 32, 23, 32, 24, 4, 299fe99e
010, LOC_CIVILIZATION_ENGLAND_NAME, UNIT_SCOUT (196608), 32, 24, -9999, -9999, 2064, ffffffff
010, LOC_CIVILIZATION_ENGLAND_NAME, UNIT_SCOUT (196608), 32, 24, -9999, -9999, 2065, ffffffff
010, LOC_CIVILIZATION_ENGLAND_NAME, UNIT_SCOUT (196608), 32, 24, -9999, -9999, 2048, ffffffff
010, LOC_CIVILIZATION_ENGLAND_NAME, UNIT_SCOUT (196608), 32, 24, -9999, -9999, 2114, ffffffff
010, LOC_CIVILIZATION_ENGLAND_NAME, UNIT_SCOUT (196608), 32, 24, -9999, -9999, 2064, ffffffff
010, LOC_CIVILIZATION_ENGLAND_NAME, UNIT_SCOUT (196608), 32, 24, -9999, -9999, 2065, ffffffff
010, LOC_CIVILIZATION_ENGLAND_NAME, UNIT_SCOUT (196608), 32, 24, -9999, -9999, 2048, ffffffff
010, LOC_CIVILIZATION_ENGLAND_NAME, UNIT_SCOUT (196608), 32, 24, -9999, -9999, 2114, ffffffff
010, LOC_CIVILIZATION_ENGLAND_NAME, UNIT_SCOUT (196608), 32, 24, 31, 25, 4, 39b66725
010, LOC_CIVILIZATION_ENGLAND_NAME, UNIT_SCOUT (196608), 32, 24, 31, 25, 16400, 39b66725
010, LOC_CIVILIZATION_ENGLAND_NAME, UNIT_SCOUT (196608), 32, 24, 31, 25, 4, 39b66725
010, LOC_CIVILIZATION_ENGLAND_NAME, UNIT_SCOUT (262146), 41, 24, -9999, -9999, 2320, ffffffff
010, LOC_CIVILIZATION_ENGLAND_NAME, UNIT_SCOUT (262146), 41, 24, -9999, -9999, 2321, ffffffff
010, LOC_CIVILIZATION_ENGLAND_NAME, UNIT_SCOUT (262146), 41, 24, -9999, -9999, 2304, ffffffff
010, LOC_CIVILIZATION_ENGLAND_NAME, UNIT_SCOUT (262146), 41, 24, -9999, -9999, 2370, ffffffff
010, LOC_CIVILIZATION_ENGLAND_NAME, UNIT_SCOUT (262146), 41, 24, -9999, -9999, 2370, ffffffff
010, LOC_CIVILIZATION_ENGLAND_NAME, UNIT_SCOUT (262146), 41, 24, 41, 25, 16656,  71c7255
011, LOC_CIVILIZATION_ENGLAND_NAME, UNIT_WARRIOR (131073), 43, 26, -9999, -9999, 2320, ffffffff
011, LOC_CIVILIZATION_ENGLAND_NAME, UNIT_WARRIOR (131073), 43, 26, -9999, -9999, 2321, ffffffff
011, LOC_CIVILIZATION_ENGLAND_NAME, UNIT_WARRIOR (131073), 43, 26, -9999, -9999, 2304, ffffffff
011, LOC_CIVILIZATION_ENGLAND_NAME, UNIT_WARRIOR (131073), 43, 26, -9999, -9999, 2370, ffffffff
011, LOC_CIVILIZATION_ENGLAND_NAME, UNIT_WARRIOR (131073), 43, 26, -9999, -9999, 2370, ffffffff
011, LOC_CIVILIZATION_ENGLAND_NAME, UNIT_WARRIOR (131073), 43, 26, 42, 25, 16656, 11acdfbf
